This is XeTeX, Version 3.14159265-2.6-0.999992 (TeX Live 2020) (preloaded format=xelatex 2020.12.8)  24 DEC 2020 20:59
entering extended mode
 restricted \write18 enabled.
 Source specials enabled.
 %&-line parsing enabled.
**HDS-HW2.tex
(./HDS-HW2.tex
LaTeX2e <2020-02-02> patch level 5
L3 programming layer <2020-03-06>
(/usr/local/texlive/2020/texmf-dist/tex/latex/base/article.cls
Document Class: article 2019/12/20 v1.4l Standard LaTeX document class
(/usr/local/texlive/2020/texmf-dist/tex/latex/base/size10.clo
File: size10.clo 2019/12/20 v1.4l Standard LaTeX file (size option)
)
\c@part=\count163
\c@section=\count164
\c@subsection=\count165
\c@subsubsection=\count166
\c@paragraph=\count167
\c@subparagraph=\count168
\c@figure=\count169
\c@table=\count170
\abovecaptionskip=\skip47
\belowcaptionskip=\skip48
\bibindent=\dimen134
)
(/usr/local/texlive/2020/texmf-dist/tex/latex/amsmath/amsmath.sty
Package: amsmath 2020/01/20 v2.17e AMS math features
\@mathmargin=\skip49

For additional information on amsmath, use the `?' option.
(/usr/local/texlive/2020/texmf-dist/tex/latex/amsmath/amstext.sty
Package: amstext 2000/06/29 v2.01 AMS text

(/usr/local/texlive/2020/texmf-dist/tex/latex/amsmath/amsgen.sty
File: amsgen.sty 1999/11/30 v2.0 generic functions
\@emptytoks=\toks15
\ex@=\dimen135
))
(/usr/local/texlive/2020/texmf-dist/tex/latex/amsmath/amsbsy.sty
Package: amsbsy 1999/11/29 v1.2d Bold Symbols
\pmbraise@=\dimen136
)
(/usr/local/texlive/2020/texmf-dist/tex/latex/amsmath/amsopn.sty
Package: amsopn 2016/03/08 v2.02 operator names
)
\inf@bad=\count171
LaTeX Info: Redefining \frac on input line 227.
\uproot@=\count172
\leftroot@=\count173
LaTeX Info: Redefining \overline on input line 389.
\classnum@=\count174
\DOTSCASE@=\count175
LaTeX Info: Redefining \ldots on input line 486.
LaTeX Info: Redefining \dots on input line 489.
LaTeX Info: Redefining \cdots on input line 610.
\Mathstrutbox@=\box45
\strutbox@=\box46
\big@size=\dimen137
LaTeX Font Info:    Redeclaring font encoding OML on input line 733.
LaTeX Font Info:    Redeclaring font encoding OMS on input line 734.
\macc@depth=\count176
\c@MaxMatrixCols=\count177
\dotsspace@=\muskip16
\c@parentequation=\count178
\dspbrk@lvl=\count179
\tag@help=\toks16
\row@=\count180
\column@=\count181
\maxfields@=\count182
\andhelp@=\toks17
\eqnshift@=\dimen138
\alignsep@=\dimen139
\tagshift@=\dimen140
\tagwidth@=\dimen141
\totwidth@=\dimen142
\lineht@=\dimen143
\@envbody=\toks18
\multlinegap=\skip50
\multlinetaggap=\skip51
\mathdisplay@stack=\toks19
LaTeX Info: Redefining \[ on input line 2859.
LaTeX Info: Redefining \] on input line 2860.
)
(/usr/local/texlive/2020/texmf-dist/tex/latex/amsfonts/amssymb.sty
Package: amssymb 2013/01/14 v3.01 AMS font symbols

(/usr/local/texlive/2020/texmf-dist/tex/latex/amsfonts/amsfonts.sty
Package: amsfonts 2013/01/14 v3.01 Basic AMSFonts support
\symAMSa=\mathgroup4
\symAMSb=\mathgroup5
LaTeX Font Info:    Redeclaring math symbol \hbar on input line 98.
LaTeX Font Info:    Overwriting math alphabet `\mathfrak' in version `bold'
(Font)                  U/euf/m/n --> U/euf/b/n on input line 106.
))
(/usr/local/texlive/2020/texmf-dist/tex/latex/enumitem/enumitem.sty
Package: enumitem 2019/06/20 v3.9 Customized lists
\enitkv@toks@=\toks20
\labelindent=\skip52
\enit@outerparindent=\dimen144
\enit@toks=\toks21
\enit@inbox=\box47
\enit@count@id=\count183
\enitdp@description=\count184
)
(./HomeworkTemplate.sty

LaTeX Warning: You have requested package `HomeworkTemplate',
               but the package provides `LectureTemplate'.

Package: LectureTemplate 
(/usr/local/texlive/2020/texmf-dist/tex/latex/url/url.sty
\Urlmuskip=\muskip17
Package: url 2013/09/16  ver 3.4  Verb mode for urls, etc.
)
(/usr/local/texlive/2020/texmf-dist/tex/latex/setspace/setspace.sty
Package: setspace 2011/12/19 v6.7a set line spacing
)
(/usr/local/texlive/2020/texmf-dist/tex/latex/pgf/frontendlayer/tikz.sty
(/usr/local/texlive/2020/texmf-dist/tex/latex/pgf/basiclayer/pgf.sty
(/usr/local/texlive/2020/texmf-dist/tex/latex/pgf/utilities/pgfrcs.sty
(/usr/local/texlive/2020/texmf-dist/tex/generic/pgf/utilities/pgfutil-common.te
x
\pgfutil@everybye=\toks22
\pgfutil@tempdima=\dimen145
\pgfutil@tempdimb=\dimen146

(/usr/local/texlive/2020/texmf-dist/tex/generic/pgf/utilities/pgfutil-common-li
sts.tex))
(/usr/local/texlive/2020/texmf-dist/tex/generic/pgf/utilities/pgfutil-latex.def
\pgfutil@abb=\box48
(/usr/local/texlive/2020/texmf-dist/tex/latex/ms/everyshi.sty
Package: everyshi 2001/05/15 v3.00 EveryShipout Package (MS)
))
(/usr/local/texlive/2020/texmf-dist/tex/generic/pgf/utilities/pgfrcs.code.tex
(/usr/local/texlive/2020/texmf-dist/tex/generic/pgf/pgf.revision.tex)
Package: pgfrcs 2020/01/08 v3.1.5b (3.1.5b)
))
Package: pgf 2020/01/08 v3.1.5b (3.1.5b)

(/usr/local/texlive/2020/texmf-dist/tex/latex/pgf/basiclayer/pgfcore.sty
(/usr/local/texlive/2020/texmf-dist/tex/latex/graphics/graphicx.sty
Package: graphicx 2019/11/30 v1.2a Enhanced LaTeX Graphics (DPC,SPQR)

(/usr/local/texlive/2020/texmf-dist/tex/latex/graphics/keyval.sty
Package: keyval 2014/10/28 v1.15 key=value parser (DPC)
\KV@toks@=\toks23
)
(/usr/local/texlive/2020/texmf-dist/tex/latex/graphics/graphics.sty
Package: graphics 2019/11/30 v1.4a Standard LaTeX Graphics (DPC,SPQR)

(/usr/local/texlive/2020/texmf-dist/tex/latex/graphics/trig.sty
Package: trig 2016/01/03 v1.10 sin cos tan (DPC)
)
(/usr/local/texlive/2020/texmf-dist/tex/latex/graphics-cfg/graphics.cfg
File: graphics.cfg 2016/06/04 v1.11 sample graphics configuration
)
Package graphics Info: Driver file: xetex.def on input line 105.

(/usr/local/texlive/2020/texmf-dist/tex/latex/graphics-def/xetex.def
File: xetex.def 2017/06/24 v5.0h Graphics/color driver for xetex
))
\Gin@req@height=\dimen147
\Gin@req@width=\dimen148
)
(/usr/local/texlive/2020/texmf-dist/tex/latex/pgf/systemlayer/pgfsys.sty
(/usr/local/texlive/2020/texmf-dist/tex/generic/pgf/systemlayer/pgfsys.code.tex
Package: pgfsys 2020/01/08 v3.1.5b (3.1.5b)
(/usr/local/texlive/2020/texmf-dist/tex/generic/pgf/utilities/pgfkeys.code.tex
\pgfkeys@pathtoks=\toks24
\pgfkeys@temptoks=\toks25

(/usr/local/texlive/2020/texmf-dist/tex/generic/pgf/utilities/pgfkeysfiltered.c
ode.tex
\pgfkeys@tmptoks=\toks26
))
\pgf@x=\dimen149
\pgf@y=\dimen150
\pgf@xa=\dimen151
\pgf@ya=\dimen152
\pgf@xb=\dimen153
\pgf@yb=\dimen154
\pgf@xc=\dimen155
\pgf@yc=\dimen156
\pgf@xd=\dimen157
\pgf@yd=\dimen158
\w@pgf@writea=\write3
\r@pgf@reada=\read2
\c@pgf@counta=\count185
\c@pgf@countb=\count186
\c@pgf@countc=\count187
\c@pgf@countd=\count188
\t@pgf@toka=\toks27
\t@pgf@tokb=\toks28
\t@pgf@tokc=\toks29
\pgf@sys@id@count=\count189

(/usr/local/texlive/2020/texmf-dist/tex/generic/pgf/systemlayer/pgf.cfg
File: pgf.cfg 2020/01/08 v3.1.5b (3.1.5b)
)
Driver file for pgf: pgfsys-xetex.def

(/usr/local/texlive/2020/texmf-dist/tex/generic/pgf/systemlayer/pgfsys-xetex.de
f
File: pgfsys-xetex.def 2020/01/08 v3.1.5b (3.1.5b)

(/usr/local/texlive/2020/texmf-dist/tex/generic/pgf/systemlayer/pgfsys-dvipdfmx
.def
File: pgfsys-dvipdfmx.def 2020/01/08 v3.1.5b (3.1.5b)

(/usr/local/texlive/2020/texmf-dist/tex/generic/pgf/systemlayer/pgfsys-common-p
df.def
File: pgfsys-common-pdf.def 2020/01/08 v3.1.5b (3.1.5b)
)
\pgfsys@objnum=\count190
)))
(/usr/local/texlive/2020/texmf-dist/tex/generic/pgf/systemlayer/pgfsyssoftpath.
code.tex
File: pgfsyssoftpath.code.tex 2020/01/08 v3.1.5b (3.1.5b)
\pgfsyssoftpath@smallbuffer@items=\count191
\pgfsyssoftpath@bigbuffer@items=\count192
)
(/usr/local/texlive/2020/texmf-dist/tex/generic/pgf/systemlayer/pgfsysprotocol.
code.tex
File: pgfsysprotocol.code.tex 2020/01/08 v3.1.5b (3.1.5b)
)) (/usr/local/texlive/2020/texmf-dist/tex/latex/xcolor/xcolor.sty
Package: xcolor 2016/05/11 v2.12 LaTeX color extensions (UK)

(/usr/local/texlive/2020/texmf-dist/tex/latex/graphics-cfg/color.cfg
File: color.cfg 2016/01/02 v1.6 sample color configuration
)
Package xcolor Info: Driver file: xetex.def on input line 225.
Package xcolor Info: Model `cmy' substituted by `cmy0' on input line 1348.
Package xcolor Info: Model `RGB' extended on input line 1364.
Package xcolor Info: Model `HTML' substituted by `rgb' on input line 1366.
Package xcolor Info: Model `Hsb' substituted by `hsb' on input line 1367.
Package xcolor Info: Model `tHsb' substituted by `hsb' on input line 1368.
Package xcolor Info: Model `HSB' substituted by `hsb' on input line 1369.
Package xcolor Info: Model `Gray' substituted by `gray' on input line 1370.
Package xcolor Info: Model `wave' substituted by `hsb' on input line 1371.
)
(/usr/local/texlive/2020/texmf-dist/tex/generic/pgf/basiclayer/pgfcore.code.tex
Package: pgfcore 2020/01/08 v3.1.5b (3.1.5b)
(/usr/local/texlive/2020/texmf-dist/tex/generic/pgf/math/pgfmath.code.tex
(/usr/local/texlive/2020/texmf-dist/tex/generic/pgf/math/pgfmathcalc.code.tex
(/usr/local/texlive/2020/texmf-dist/tex/generic/pgf/math/pgfmathutil.code.tex)
(/usr/local/texlive/2020/texmf-dist/tex/generic/pgf/math/pgfmathparser.code.tex
\pgfmath@dimen=\dimen159
\pgfmath@count=\count193
\pgfmath@box=\box49
\pgfmath@toks=\toks30
\pgfmath@stack@operand=\toks31
\pgfmath@stack@operation=\toks32
)
(/usr/local/texlive/2020/texmf-dist/tex/generic/pgf/math/pgfmathfunctions.code.
tex
(/usr/local/texlive/2020/texmf-dist/tex/generic/pgf/math/pgfmathfunctions.basic
.code.tex)
(/usr/local/texlive/2020/texmf-dist/tex/generic/pgf/math/pgfmathfunctions.trigo
nometric.code.tex)
(/usr/local/texlive/2020/texmf-dist/tex/generic/pgf/math/pgfmathfunctions.rando
m.code.tex)
(/usr/local/texlive/2020/texmf-dist/tex/generic/pgf/math/pgfmathfunctions.compa
rison.code.tex)
(/usr/local/texlive/2020/texmf-dist/tex/generic/pgf/math/pgfmathfunctions.base.
code.tex)
(/usr/local/texlive/2020/texmf-dist/tex/generic/pgf/math/pgfmathfunctions.round
.code.tex)
(/usr/local/texlive/2020/texmf-dist/tex/generic/pgf/math/pgfmathfunctions.misc.
code.tex)
(/usr/local/texlive/2020/texmf-dist/tex/generic/pgf/math/pgfmathfunctions.integ
erarithmetics.code.tex)))
(/usr/local/texlive/2020/texmf-dist/tex/generic/pgf/math/pgfmathfloat.code.tex
\c@pgfmathroundto@lastzeros=\count194
)) (/usr/local/texlive/2020/texmf-dist/tex/generic/pgf/math/pgfint.code.tex)
(/usr/local/texlive/2020/texmf-dist/tex/generic/pgf/basiclayer/pgfcorepoints.co
de.tex
File: pgfcorepoints.code.tex 2020/01/08 v3.1.5b (3.1.5b)
\pgf@picminx=\dimen160
\pgf@picmaxx=\dimen161
\pgf@picminy=\dimen162
\pgf@picmaxy=\dimen163
\pgf@pathminx=\dimen164
\pgf@pathmaxx=\dimen165
\pgf@pathminy=\dimen166
\pgf@pathmaxy=\dimen167
\pgf@xx=\dimen168
\pgf@xy=\dimen169
\pgf@yx=\dimen170
\pgf@yy=\dimen171
\pgf@zx=\dimen172
\pgf@zy=\dimen173
)
(/usr/local/texlive/2020/texmf-dist/tex/generic/pgf/basiclayer/pgfcorepathconst
ruct.code.tex
File: pgfcorepathconstruct.code.tex 2020/01/08 v3.1.5b (3.1.5b)
\pgf@path@lastx=\dimen174
\pgf@path@lasty=\dimen175
)
(/usr/local/texlive/2020/texmf-dist/tex/generic/pgf/basiclayer/pgfcorepathusage
.code.tex
File: pgfcorepathusage.code.tex 2020/01/08 v3.1.5b (3.1.5b)
\pgf@shorten@end@additional=\dimen176
\pgf@shorten@start@additional=\dimen177
)
(/usr/local/texlive/2020/texmf-dist/tex/generic/pgf/basiclayer/pgfcorescopes.co
de.tex
File: pgfcorescopes.code.tex 2020/01/08 v3.1.5b (3.1.5b)
\pgfpic=\box50
\pgf@hbox=\box51
\pgf@layerbox@main=\box52
\pgf@picture@serial@count=\count195
)
(/usr/local/texlive/2020/texmf-dist/tex/generic/pgf/basiclayer/pgfcoregraphicst
ate.code.tex
File: pgfcoregraphicstate.code.tex 2020/01/08 v3.1.5b (3.1.5b)
\pgflinewidth=\dimen178
)
(/usr/local/texlive/2020/texmf-dist/tex/generic/pgf/basiclayer/pgfcoretransform
ations.code.tex
File: pgfcoretransformations.code.tex 2020/01/08 v3.1.5b (3.1.5b)
\pgf@pt@x=\dimen179
\pgf@pt@y=\dimen180
\pgf@pt@temp=\dimen181
)
(/usr/local/texlive/2020/texmf-dist/tex/generic/pgf/basiclayer/pgfcorequick.cod
e.tex
File: pgfcorequick.code.tex 2020/01/08 v3.1.5b (3.1.5b)
)
(/usr/local/texlive/2020/texmf-dist/tex/generic/pgf/basiclayer/pgfcoreobjects.c
ode.tex
File: pgfcoreobjects.code.tex 2020/01/08 v3.1.5b (3.1.5b)
)
(/usr/local/texlive/2020/texmf-dist/tex/generic/pgf/basiclayer/pgfcorepathproce
ssing.code.tex
File: pgfcorepathprocessing.code.tex 2020/01/08 v3.1.5b (3.1.5b)
)
(/usr/local/texlive/2020/texmf-dist/tex/generic/pgf/basiclayer/pgfcorearrows.co
de.tex
File: pgfcorearrows.code.tex 2020/01/08 v3.1.5b (3.1.5b)
\pgfarrowsep=\dimen182
)
(/usr/local/texlive/2020/texmf-dist/tex/generic/pgf/basiclayer/pgfcoreshade.cod
e.tex
File: pgfcoreshade.code.tex 2020/01/08 v3.1.5b (3.1.5b)
\pgf@max=\dimen183
\pgf@sys@shading@range@num=\count196
\pgf@shadingcount=\count197
)
(/usr/local/texlive/2020/texmf-dist/tex/generic/pgf/basiclayer/pgfcoreimage.cod
e.tex
File: pgfcoreimage.code.tex 2020/01/08 v3.1.5b (3.1.5b)

(/usr/local/texlive/2020/texmf-dist/tex/generic/pgf/basiclayer/pgfcoreexternal.
code.tex
File: pgfcoreexternal.code.tex 2020/01/08 v3.1.5b (3.1.5b)
\pgfexternal@startupbox=\box53
))
(/usr/local/texlive/2020/texmf-dist/tex/generic/pgf/basiclayer/pgfcorelayers.co
de.tex
File: pgfcorelayers.code.tex 2020/01/08 v3.1.5b (3.1.5b)
)
(/usr/local/texlive/2020/texmf-dist/tex/generic/pgf/basiclayer/pgfcoretranspare
ncy.code.tex
File: pgfcoretransparency.code.tex 2020/01/08 v3.1.5b (3.1.5b)
)
(/usr/local/texlive/2020/texmf-dist/tex/generic/pgf/basiclayer/pgfcorepatterns.
code.tex
File: pgfcorepatterns.code.tex 2020/01/08 v3.1.5b (3.1.5b)
)
(/usr/local/texlive/2020/texmf-dist/tex/generic/pgf/basiclayer/pgfcorerdf.code.
tex
File: pgfcorerdf.code.tex 2020/01/08 v3.1.5b (3.1.5b)
)))
(/usr/local/texlive/2020/texmf-dist/tex/generic/pgf/modules/pgfmoduleshapes.cod
e.tex
File: pgfmoduleshapes.code.tex 2020/01/08 v3.1.5b (3.1.5b)
\pgfnodeparttextbox=\box54
)
(/usr/local/texlive/2020/texmf-dist/tex/generic/pgf/modules/pgfmoduleplot.code.
tex
File: pgfmoduleplot.code.tex 2020/01/08 v3.1.5b (3.1.5b)
)
(/usr/local/texlive/2020/texmf-dist/tex/latex/pgf/compatibility/pgfcomp-version
-0-65.sty
Package: pgfcomp-version-0-65 2020/01/08 v3.1.5b (3.1.5b)
\pgf@nodesepstart=\dimen184
\pgf@nodesepend=\dimen185
)
(/usr/local/texlive/2020/texmf-dist/tex/latex/pgf/compatibility/pgfcomp-version
-1-18.sty
Package: pgfcomp-version-1-18 2020/01/08 v3.1.5b (3.1.5b)
))
(/usr/local/texlive/2020/texmf-dist/tex/latex/pgf/utilities/pgffor.sty
(/usr/local/texlive/2020/texmf-dist/tex/latex/pgf/utilities/pgfkeys.sty
(/usr/local/texlive/2020/texmf-dist/tex/generic/pgf/utilities/pgfkeys.code.tex)
) (/usr/local/texlive/2020/texmf-dist/tex/latex/pgf/math/pgfmath.sty
(/usr/local/texlive/2020/texmf-dist/tex/generic/pgf/math/pgfmath.code.tex))
(/usr/local/texlive/2020/texmf-dist/tex/generic/pgf/utilities/pgffor.code.tex
Package: pgffor 2020/01/08 v3.1.5b (3.1.5b)

(/usr/local/texlive/2020/texmf-dist/tex/generic/pgf/math/pgfmath.code.tex)
\pgffor@iter=\dimen186
\pgffor@skip=\dimen187
\pgffor@stack=\toks33
\pgffor@toks=\toks34
))
(/usr/local/texlive/2020/texmf-dist/tex/generic/pgf/frontendlayer/tikz/tikz.cod
e.tex
Package: tikz 2020/01/08 v3.1.5b (3.1.5b)

(/usr/local/texlive/2020/texmf-dist/tex/generic/pgf/libraries/pgflibraryplothan
dlers.code.tex
File: pgflibraryplothandlers.code.tex 2020/01/08 v3.1.5b (3.1.5b)
\pgf@plot@mark@count=\count198
\pgfplotmarksize=\dimen188
)
\tikz@lastx=\dimen189
\tikz@lasty=\dimen190
\tikz@lastxsaved=\dimen191
\tikz@lastysaved=\dimen192
\tikz@lastmovetox=\dimen193
\tikz@lastmovetoy=\dimen194
\tikzleveldistance=\dimen195
\tikzsiblingdistance=\dimen196
\tikz@figbox=\box55
\tikz@figbox@bg=\box56
\tikz@tempbox=\box57
\tikz@tempbox@bg=\box58
\tikztreelevel=\count199
\tikznumberofchildren=\count266
\tikznumberofcurrentchild=\count267
\tikz@fig@count=\count268

(/usr/local/texlive/2020/texmf-dist/tex/generic/pgf/modules/pgfmodulematrix.cod
e.tex
File: pgfmodulematrix.code.tex 2020/01/08 v3.1.5b (3.1.5b)
\pgfmatrixcurrentrow=\count269
\pgfmatrixcurrentcolumn=\count270
\pgf@matrix@numberofcolumns=\count271
)
\tikz@expandcount=\count272

(/usr/local/texlive/2020/texmf-dist/tex/generic/pgf/frontendlayer/tikz/librarie
s/tikzlibrarytopaths.code.tex
File: tikzlibrarytopaths.code.tex 2020/01/08 v3.1.5b (3.1.5b)
)))
(/usr/local/texlive/2020/texmf-dist/tex/xelatex/xepersian/xepersian.sty
Package: xepersian 2020-01-31 v22.8 Persian typesetting in XeLaTeX

(/usr/local/texlive/2020/texmf-dist/tex/latex/fontspec/fontspec.sty
(/usr/local/texlive/2020/texmf-dist/tex/latex/l3packages/xparse/xparse.sty
(/usr/local/texlive/2020/texmf-dist/tex/latex/l3kernel/expl3.sty
Package: expl3 2020-03-06 L3 programming layer (loader) 

(/usr/local/texlive/2020/texmf-dist/tex/latex/l3backend/l3backend-xdvipdfmx.def
File: l3backend-xdvipdfmx.def 2020-03-12 L3 backend support: xdvipdfmx
\g__graphics_track_int=\count273
\l__pdf_internal_box=\box59
\g__pdf_backend_object_int=\count274
\g__pdf_backend_annotation_int=\count275
))
Package: xparse 2020-03-06 L3 Experimental document command parser
\l__xparse_current_arg_int=\count276
\g__xparse_grabber_int=\count277
\l__xparse_m_args_int=\count278
\l__xparse_v_nesting_int=\count279
)
Package: fontspec 2020/02/21 v2.7i Font selection for XeLaTeX and LuaLaTeX
 (/usr/local/texlive/2020/texmf-dist/tex/latex/fontspec/fontspec-xetex.sty
Package: fontspec-xetex 2020/02/21 v2.7i Font selection for XeLaTeX and LuaLaTe
X
\l__fontspec_script_int=\count280
\l__fontspec_language_int=\count281
\l__fontspec_strnum_int=\count282
\l__fontspec_tmp_int=\count283
\l__fontspec_tmpa_int=\count284
\l__fontspec_tmpb_int=\count285
\l__fontspec_tmpc_int=\count286
\l__fontspec_em_int=\count287
\l__fontspec_emdef_int=\count288
\l__fontspec_strong_int=\count289
\l__fontspec_strongdef_int=\count290
\l__fontspec_tmpa_dim=\dimen197
\l__fontspec_tmpb_dim=\dimen198
\l__fontspec_tmpc_dim=\dimen199

(/usr/local/texlive/2020/texmf-dist/tex/latex/base/fontenc.sty
Package: fontenc 2020/02/11 v2.0o Standard LaTeX package
)
(/usr/local/texlive/2020/texmf-dist/tex/latex/fontspec/fontspec.cfg)))
(/usr/local/texlive/2020/texmf-dist/tex/xelatex/xepersian/xepersian-persiancal.
sty
Package: xepersian-persiancal 2012/07/25 v0.2 provides Persian calendar
\XePersian@i=\count291
\XePersian@y=\count292
\XePersian@m=\count293
\XePersian@d=\count294
\XePersian@latini=\count295
\XePersian@persiani=\count296
\XePersian@latinii=\count297
\XePersian@persianii=\count298
\XePersian@latiniii=\count299
\XePersian@persianiii=\count300
\XePersian@latiniv=\count301
\XePersian@persianiv=\count302
\XePersian@latinv=\count303
\XePersian@persianv=\count304
\XePersian@latinvi=\count305
\XePersian@persianvi=\count306
\XePersian@latinvii=\count307
\XePersian@persianvii=\count308
\XePersian@latinviii=\count309
\XePersian@persianviii=\count310
\XePersian@latinix=\count311
\XePersian@persianix=\count312
\XePersian@latinx=\count313
\XePersian@persianx=\count314
\XePersian@latinxi=\count315
\XePersian@persianxi=\count316
\XePersian@latinxii=\count317
\XePersian@persianxii=\count318
\XePersian@persianxiii=\count319
\XePersian@temp=\count320
\XePersian@temptwo=\count321
\XePersian@tempthree=\count322
\XePersian@yModHundred=\count323
\XePersian@thirtytwo=\count324
\XePersian@dn=\count325
\XePersian@sn=\count326
\XePersian@mminusone=\count327
)
(/usr/local/texlive/2020/texmf-dist/tex/xelatex/xepersian/xepersian-mathsdigits
pec.sty
Package: xepersian-mathsdigitspec 2018/12/16 v1.1.7 Unicode Persian maths digit
s in XeLaTeX
) (/usr/local/texlive/2020/texmf-dist/tex/xelatex/bidi/bidi.sty
Package: bidi 2020-01-29 v35.11 Bidirectional typesetting in plain TeX and LaTe
X

****************************************************
* 
* bidi package (Bidirectional typesetting in
* plain TeX and LaTeX, using XeTeX engine)
* 
* Description: A convenient interface for
* typesetting bidirectional texts in plain TeX
* and LaTeX. The package includes adaptations
* for use with many other commonly-used packages.
* 
* Copyright (c) 2009--2019 Vafa Khalighi
* 2018-2020 bidi-tex GitHub Organisation
* 
* v35.11, 2020-01-29
* 
* License: LaTeX Project Public License, version
* 1.3c or higher (your choice)
* 
* Location on CTAN: /macros/xetex/latex/bidi
* 
* Issue tracker: https://github.com/bidi-tex/bidi/issues
* 
****************************************************
(/usr/local/texlive/2020/texmf-dist/tex/generic/iftex/iftex.sty
Package: iftex 2020/03/06 v1.0d TeX engine tests
)
(/usr/local/texlive/2020/texmf-dist/tex/xelatex/bidi/biditools.sty
Package: biditools 2020-01-29 v1.10 Programming tools for bidi package
\@bidi@envbody=\toks35
\@bidi@emptytoks=\toks36
\bidi@tempcountb=\count328
\bidi@temptoksa=\toks37
\bidi@temptoksb=\toks38
\bidi@dummies=\count329
\bidi@are@these@correct=\toks39
\bidi@toks@lista=\toks40
\bidi@toks@listb=\toks41
\bidi@stack@length=\count330
\bidi@empty@stack=\toks42
\bidi@looprepeat@depth=\count331
)
(/usr/local/texlive/2020/texmf-dist/tex/latex/zref/zref-abspage.sty
Package: zref-abspage 2020-03-03 v2.29 Module abspage for zref (HO)

(/usr/local/texlive/2020/texmf-dist/tex/latex/zref/zref-base.sty
Package: zref-base 2020-03-03 v2.29 Module base for zref (HO)

(/usr/local/texlive/2020/texmf-dist/tex/generic/ltxcmds/ltxcmds.sty
Package: ltxcmds 2019/12/15 v1.24 LaTeX kernel commands for general use (HO)
)
(/usr/local/texlive/2020/texmf-dist/tex/generic/infwarerr/infwarerr.sty
Package: infwarerr 2019/12/03 v1.5 Providing info/warning/error messages (HO)
)
(/usr/local/texlive/2020/texmf-dist/tex/generic/kvsetkeys/kvsetkeys.sty
Package: kvsetkeys 2019/12/15 v1.18 Key value parser (HO)
)
(/usr/local/texlive/2020/texmf-dist/tex/generic/kvdefinekeys/kvdefinekeys.sty
Package: kvdefinekeys 2019-12-19 v1.6 Define keys (HO)
)
(/usr/local/texlive/2020/texmf-dist/tex/latex/pdftexcmds/pdftexcmds.sty
Package: pdftexcmds 2019/11/24 v0.31 Utility functions of pdfTeX for LuaTeX (HO
)
Package pdftexcmds Info: \pdf@primitive is available.
Package pdftexcmds Info: \pdf@ifprimitive is available.
Package pdftexcmds Info: \pdfdraftmode not found.
)
(/usr/local/texlive/2020/texmf-dist/tex/generic/etexcmds/etexcmds.sty
Package: etexcmds 2019/12/15 v1.7 Avoid name clashes with e-TeX commands (HO)
)
(/usr/local/texlive/2020/texmf-dist/tex/latex/auxhook/auxhook.sty
Package: auxhook 2019-12-17 v1.6 Hooks for auxiliary files (HO)
)
Package zref Info: New property list: main on input line 763.
Package zref Info: New property: default on input line 764.
Package zref Info: New property: page on input line 765.
)
(/usr/local/texlive/2020/texmf-dist/tex/generic/atbegshi/atbegshi.sty
Package: atbegshi 2019/12/05 v1.19 At begin shipout hook (HO)
)
\c@abspage=\count332
Package zref Info: New property: abspage on input line 66.
)
(/usr/local/texlive/2020/texmf-dist/tex/latex/xkeyval/xkeyval.sty
Package: xkeyval 2014/12/03 v2.7a package option processing (HA)

(/usr/local/texlive/2020/texmf-dist/tex/generic/xkeyval/xkeyval.tex
(/usr/local/texlive/2020/texmf-dist/tex/generic/xkeyval/xkvutils.tex
\XKV@toks=\toks43
\XKV@tempa@toks=\toks44
)
\XKV@depth=\count333
File: xkeyval.tex 2014/12/03 v2.7a key=value parser (HA)
))
\@bidi@copyins@=\insert252

(/usr/local/texlive/2020/texmf-dist/tex/xelatex/bidi/latex-xetex-bidi.def
File: latex-xetex-bidi.def 2019/03/03 v1.3.7 bidi adaptations for `latex.ltx' f
or XeTeX engine
\bidi@n@everypar=\toks45
\bidi@column@check@number=\count334

(/usr/local/texlive/2020/texmf-dist/tex/xelatex/bidi/footnote-xetex-bidi.def
File: footnote-xetex-bidi.def 2017/08/09 v1.1 bidi footnote macros for XeTeX en
gine
\c@footdir@label=\count335
\footdir@toks=\toks46
)
(/usr/local/texlive/2020/texmf-dist/tex/xelatex/bidi/article-xetex-bidi.def
File: article-xetex-bidi.def 2017/06/09 v0.6 bidi adaptations for standard arti
cle class for XeTeX engine
)
(/usr/local/texlive/2020/texmf-dist/tex/xelatex/bidi/amsmath-xetex-bidi.def
File: amsmath-xetex-bidi.def 2018/01/08 v1.1 bidi adaptations for amsmath packa
ge for XeTeX engine
)
(/usr/local/texlive/2020/texmf-dist/tex/xelatex/bidi/amstext-xetex-bidi.def
File: amstext-xetex-bidi.def 2016/09/12 v0.2 bidi adaptations for amstext packa
ge for XeTeX engine
)
(/usr/local/texlive/2020/texmf-dist/tex/xelatex/bidi/color-xetex-bidi.def
File: color-xetex-bidi.def 2013/04/08 v0.2 bidi adaptations for color package f
or XeTeX engine
LaTeX Info: Redefining \color on input line 46.
)
(/usr/local/texlive/2020/texmf-dist/tex/xelatex/bidi/xcolor-xetex-bidi.def
File: xcolor-xetex-bidi.def 2013/04/08 v0.2 bidi adaptations for xcolor package
 for XeTeX engine
LaTeX Info: Redefining \color on input line 45.
LaTeX Info: Redefining \bidicolor on input line 88.
)
(/usr/local/texlive/2020/texmf-dist/tex/xelatex/bidi/graphicx-xetex-bidi.def
File: graphicx-xetex-bidi.def 2017/06/17 v0.5 bidi adaptations for graphicx pac
kage for XeTeX engine
)
(/usr/local/texlive/2020/texmf-dist/tex/xelatex/bidi/pgfcorescopes.code-xetex-b
idi.def
File: pgfcorescopes.code-xetex-bidi.def 2015/11/14 v0.1 bidi adaptations for pg
f package for XeTeX engine
))
(/usr/local/texlive/2020/texmf-dist/tex/xelatex/bidi/loadingorder-xetex-bidi.de
f
File: loadingorder-xetex-bidi.def 2017/12/29 v0.97 making sure that bidi is the
 last package loaded
)
\bidi@digits=\count336
\bidi@digits@charclass=\XeTeXcharclass1
\bidi@sepmark@charclass=\XeTeXcharclass2
)
****************************************************
* 
* xepersian package (Persian for LaTeX, using XeTeX engine)
* 
* Description: The package supports Persian
* typesetting, using fonts provided in the
* distribution.
* 
* Copyright (c) 2008-2019 Vafa Khalighi
* 2018-2020 bidi-tex GitHub Organisation
* 
* v22.8, 2020-01-31
* 
* License: LaTeX Project Public License, version
* 1.3c or higher (your choice)
* 
* Location on CTAN: /macros/xetex/latex/xepersian
* 
* Issue tracker: https://github.com/bidi-tex/xepersian/issues
* 
****************************************************
\xepersian@tcl=\count337
\xepersian@ilg=\dimen256
\xepersian@strutilg=\dimen257

(/usr/local/texlive/2020/texmf-dist/tex/xelatex/xepersian/loadingorder-xepersia
n.def
File: loadingorder-xepersian.def 2018/09/29 v0.5 making sure that xepersian is 
the last package loaded
)
(/usr/local/texlive/2020/texmf-dist/tex/xelatex/xepersian/footnote-xepersian.de
f
File: footnote-xepersian.def 2017/08/09 v0.6 footnote macros for xepersian pack
age
)
(/usr/local/texlive/2020/texmf-dist/tex/xelatex/xepersian/enumitem-xepersian.de
f
File: enumitem-xepersian.def 2017/09/06 v0.1 adaptations for enumitem package
)
(/usr/local/texlive/2020/texmf-dist/tex/xelatex/xepersian/tikz.code-xepersian.d
ef
File: tikz.code-xepersian.def 2018/12/11 v0.1 adaptations for tikz.code.tex fil
e
)
(/usr/local/texlive/2020/texmf-dist/tex/xelatex/xepersian/article-xepersian.def
File: article-xepersian.def 2010/07/25 v0.2 adaptations for standard article cl
ass
)

Package fontspec Info: Font family 'lmroman10-regular(0)' created for font
(fontspec)             'lmroman10-regular' with options
(fontspec)             [Ligatures=TeX,Path,BoldFont={lmroman10-bold},BoldItalic
Font={lmroman10-bolditalic},ItalicFont={lmroman10-italic},SmallCapsFont={lmroma
ncaps10-regular},SlantedFont={lmromanslant10-regular},BoldSlantedFont={lmromans
lant10-bold}].
(fontspec)              
(fontspec)              This font family consists of the following NFSS
(fontspec)             series/shapes:
(fontspec)              
(fontspec)             - 'normal' (m/n) with NFSS spec.:
(fontspec)             <->"[lmroman10-regular]/OT:script=latn;language=dflt;map
ping=tex-text;"
(fontspec)             - 'small caps'  (m/sc) with NFSS spec.:
(fontspec)             <->"[lmromancaps10-regular]/OT:script=latn;language=dflt
;mapping=tex-text;"
(fontspec)             - 'bold' (b/n) with NFSS spec.:
(fontspec)             <->"[lmroman10-bold]/OT:script=latn;language=dflt;mappin
g=tex-text;"
(fontspec)             - 'bold small caps'  (b/sc) with NFSS spec.:
(fontspec)             <->"[lmromancaps10-regular]/OT:script=latn;language=dflt
;mapping=tex-text;"
(fontspec)             - 'italic' (m/it) with NFSS spec.:
(fontspec)             <->"[lmroman10-italic]/OT:script=latn;language=dflt;mapp
ing=tex-text;"
(fontspec)             - 'italic small caps'  (m/scit) with NFSS spec.:
(fontspec)             <->"[lmromancaps10-regular]/OT:script=latn;language=dflt
;mapping=tex-text;"
(fontspec)             - 'slanted' (m/sl) with NFSS spec.:
(fontspec)             <->"[lmromanslant10-regular]/OT:script=latn;language=dfl
t;mapping=tex-text;"
(fontspec)             - 'slanted small caps'  (m/scsl) with NFSS spec.:
(fontspec)             <->"[lmromancaps10-regular]/OT:script=latn;language=dflt
;mapping=tex-text;"
(fontspec)             - 'bold italic' (b/it) with NFSS spec.:
(fontspec)             <->"[lmroman10-bolditalic]/OT:script=latn;language=dflt;
mapping=tex-text;"
(fontspec)             - 'bold italic small caps'  (b/scit) with NFSS spec.:
(fontspec)             <->"[lmromancaps10-regular]/OT:script=latn;language=dflt
;mapping=tex-text;"
(fontspec)             - 'bold slanted' (b/sl) with NFSS spec.:
(fontspec)             <->"[lmromanslant10-bold]/OT:script=latn;language=dflt;m
apping=tex-text;"
(fontspec)             - 'bold slanted small caps'  (b/scsl) with NFSS spec.:
(fontspec)             <->"[lmromancaps10-regular]/OT:script=latn;language=dflt
;mapping=tex-text;"

)
\mybox=\box60
\c@lemma=\count338
\c@definition=\count339
\c@proposition=\count340
\c@example=\count341
\c@remark=\count342
\c@question=\count343
\c@convention=\count344
\c@corollary=\count345
)

Package fontspec Info: Font family 'HM_FElmi(0)' created for font 'HM_FElmi'
(fontspec)             with options
(fontspec)             [Script=Persian,Ligatures=PersianTeX,Scale=1,ExternalLoc
ation=fonts/,BoldFont={HM_FElmiBd}].
(fontspec)              
(fontspec)              This font family consists of the following NFSS
(fontspec)             series/shapes:
(fontspec)              
(fontspec)             - 'normal' (m/n) with NFSS spec.:
(fontspec)             <->s*[1]"[fonts/HM_FElmi]/OT:script=arab;language=dflt;m
apping=persian-tex-text;"
(fontspec)             - 'small caps'  (m/sc) with NFSS spec.: 
(fontspec)             - 'bold' (b/n) with NFSS spec.:
(fontspec)             <->s*[1]"[fonts/HM_FElmiBd]/OT:script=arab;language=dflt
;mapping=persian-tex-text;"
(fontspec)             - 'bold small caps'  (b/sc) with NFSS spec.: 

LaTeX Font Info:    Font shape `TU/HM_FElmi(0)/m/n' will be
(Font)              scaled to size 10.0pt on input line 9.

Package fontspec Info: Font family 'Yas.ttf(0)' created for font 'Yas.ttf'
(fontspec)             with options
(fontspec)             [Script=Persian,Ligatures=PersianTeX,ExternalLocation=fo
nts/].
(fontspec)              
(fontspec)              This font family consists of the following NFSS
(fontspec)             series/shapes:
(fontspec)              
(fontspec)             - 'normal' (m/n) with NFSS spec.:
(fontspec)             <->"[fonts/Yas.ttf]/OT:script=arab;language=dflt;mapping
=persian-tex-text;"
(fontspec)             - 'small caps'  (m/sc) with NFSS spec.: 


Package fontspec Info: Font family 'Yas.ttf(1)' created for font 'Yas.ttf'
(fontspec)             with options
(fontspec)             [Ligatures=PersianTeX,ExternalLocation=fonts/].
(fontspec)              
(fontspec)              This font family consists of the following NFSS
(fontspec)             series/shapes:
(fontspec)              
(fontspec)             - 'normal' (m/n) with NFSS spec.:
(fontspec)             <->"[fonts/Yas.ttf]/OT:script=latn;language=dflt;mapping
=persian-tex-text;"
(fontspec)             - 'small caps'  (m/sc) with NFSS spec.: 

Package xepersian-mathsdigitspec Info: DefiningthedefaultPersianmathsdigitsfont
as'Yas.ttf' on input line 12.
\symOPERATORS=\mathgroup6
\symnew@mathbf@font@digits=\mathgroup7
\symnew@mathit@font@digits=\mathgroup8
\symnew@mathrm@font@digits=\mathgroup9
 (./HDS-HW2.aux)
\openout1 = `HDS-HW2.aux'.

LaTeX Font Info:    Checking defaults for OML/cmm/m/it on input line 13.
LaTeX Font Info:    ... okay on input line 13.
LaTeX Font Info:    Checking defaults for OMS/cmsy/m/n on input line 13.
LaTeX Font Info:    ... okay on input line 13.
LaTeX Font Info:    Checking defaults for OT1/cmr/m/n on input line 13.
LaTeX Font Info:    ... okay on input line 13.
LaTeX Font Info:    Checking defaults for T1/cmr/m/n on input line 13.
LaTeX Font Info:    ... okay on input line 13.
LaTeX Font Info:    Checking defaults for TS1/cmr/m/n on input line 13.
LaTeX Font Info:    Trying to load font information for TS1+cmr on input line 1
3.

(/usr/local/texlive/2020/texmf-dist/tex/latex/base/ts1cmr.fd
File: ts1cmr.fd 2019/12/16 v2.5j Standard LaTeX font definitions
)
LaTeX Font Info:    ... okay on input line 13.
LaTeX Font Info:    Checking defaults for TU/lmr/m/n on input line 13.
LaTeX Font Info:    ... okay on input line 13.
LaTeX Font Info:    Checking defaults for OMX/cmex/m/n on input line 13.
LaTeX Font Info:    ... okay on input line 13.
LaTeX Font Info:    Checking defaults for U/cmr/m/n on input line 13.
LaTeX Font Info:    ... okay on input line 13.

ABD: EveryShipout initializing macros
\AtBeginShipoutBox=\box61
File: sharif-logo.png Graphic file (type bmp)
<sharif-logo.png>
LaTeX Font Info:    Font shape `TU/HM_FElmi(0)/b/n' will be
(Font)              scaled to size 10.0pt on input line 19.
LaTeX Font Info:    Font shape `TU/HM_FElmi(0)/m/n' will be
(Font)              scaled to size 14.4pt on input line 19.


LaTeX Font Warning: Font shape `TU/HM_FElmi(0)/m/it' undefined
(Font)              using `TU/HM_FElmi(0)/m/n' instead on input line 19.


LaTeX Font Warning: Font shape `TU/Yas.ttf(0)/m/it' undefined
(Font)              using `TU/Yas.ttf(0)/m/n' instead on input line 19.

LaTeX Font Info:    Trying to load font information for U+msa on input line 19.

(/usr/local/texlive/2020/texmf-dist/tex/latex/amsfonts/umsa.fd
File: umsa.fd 2013/01/14 v3.01 AMS symbols A
)
LaTeX Font Info:    Trying to load font information for U+msb on input line 19.


(/usr/local/texlive/2020/texmf-dist/tex/latex/amsfonts/umsb.fd
File: umsb.fd 2013/01/14 v3.01 AMS symbols B
)

LaTeX Font Warning: Font shape `TU/Yas.ttf(1)/bx/n' undefined
(Font)              using `TU/Yas.ttf(1)/m/n' instead on input line 19.


LaTeX Font Warning: Font shape `TU/Yas.ttf(1)/m/it' undefined
(Font)              using `TU/Yas.ttf(1)/m/n' instead on input line 19.

(./problems/P3.tex
LaTeX Font Info:    Font shape `TU/HM_FElmi(0)/b/n' will be
(Font)              scaled to size 14.4pt on input line 3.


LaTeX Font Warning: Font shape `TU/Yas.ttf(0)/b/n' undefined
(Font)              using `TU/Yas.ttf(0)/m/n' instead on input line 3.

LaTeX Font Info:    Font shape `TU/HM_FElmi(0)/m/n' will be
(Font)              scaled to size 12.0pt on input line 5.
LaTeX Font Info:    Font shape `TU/HM_FElmi(0)/b/n' will be
(Font)              scaled to size 12.0pt on input line 5.
) (./problems/P1.tex [1

]) (./problems/P2.tex) (./problems/P4.tex)
(./problems/P5.tex [2]) (./problems/P6.tex) (./problems/P7.tex)
(./problems/P8.tex
LaTeX Font Info:    Font shape `TU/HM_FElmi(0)/m/n' will be
(Font)              scaled to size 7.0pt on input line 23.
LaTeX Font Info:    Font shape `TU/HM_FElmi(0)/m/n' will be
(Font)              scaled to size 5.0pt on input line 23.
) (./problems/P9.tex [3]) (./problems/P10.tex)
(./problems/P11.tex) (./problems/P12.tex) [4] (./HDS-HW2.aux)

LaTeX Font Warning: Some font shapes were not available, defaults substituted.

 ) 
Here is how much of TeX's memory you used:
 18061 strings out of 479418
 400343 string characters out of 5884585
 707376 words of memory out of 5000000
 35137 multiletter control sequences out of 15000+600000
 535260 words of font info for 72 fonts, out of 8000000 for 9000
 1348 hyphenation exceptions out of 8191
 68i,11n,78p,4821b,247s stack positions out of 5000i,500n,10000p,200000b,80000s

Output written on HDS-HW2.pdf (4 pages).
